<?xml version="1.0" encoding="UTF-8"?>
<!-- Generated by org.testng.reporters.JUnitReportReporter -->
<testsuite hostname="DESKTOP-AD44IUN" failures="0" tests="1" name="testcases.HomePageLogs" time="8.426" errors="0" timestamp="2023-09-15T09:01:45 IST" skipped="0">
  <testcase classname="testcases.HomePageLogs" name="google" time="8.426"/>
  <system-out/>
</testsuite> <!-- testcases.HomePageLogs -->
